Workers started
prisma:error 
Invalid `prisma.leagueEventRun.create()` invocation in
/Users/leemorrow/Desktop/Movie Game/src/server/services/leagueCycleService.ts:125:33

  122   eventType: LeagueEventType,
  123 ): Promise<boolean> {
  124   try {
→ 125     await prisma.leagueEventRun.create(
Unique constraint failed on the fields: (`leagueId`,`weekId`,`eventType`)
prisma:error 
Invalid `prisma.leagueEventRun.create()` invocation in
/Users/leemorrow/Desktop/Movie Game/src/server/services/leagueCycleService.ts:125:33

  122   eventType: LeagueEventType,
  123 ): Promise<boolean> {
  124   try {
→ 125     await prisma.leagueEventRun.create(
Unique constraint failed on the fields: (`leagueId`,`weekId`,`eventType`)
prisma:error 
Invalid `prisma.leagueEventRun.create()` invocation in
/Users/leemorrow/Desktop/Movie Game/src/server/services/leagueCycleService.ts:125:33

  122   eventType: LeagueEventType,
  123 ): Promise<boolean> {
  124   try {
→ 125     await prisma.leagueEventRun.create(
Unique constraint failed on the fields: (`leagueId`,`weekId`,`eventType`)
prisma:error 
Invalid `prisma.leagueEventRun.create()` invocation in
/Users/leemorrow/Desktop/Movie Game/src/server/services/leagueCycleService.ts:125:33

  122   eventType: LeagueEventType,
  123 ): Promise<boolean> {
  124   try {
→ 125     await prisma.leagueEventRun.create(
Unique constraint failed on the fields: (`leagueId`,`weekId`,`eventType`)
